2025-05-04 13:09:31,325 - INFO - Root endpoint accessed
2025-05-04 13:09:43,911 - INFO - Root endpoint accessed
2025-05-04 13:15:11,886 - INFO - HTTP Request: POST https://api.freeapi.app/api/v1/kitchen-sink/http-methods/post "HTTP/1.1 200 OK"
2025-05-04 13:15:11,888 - INFO - External API call successful
2025-05-04 13:43:12,063 - INFO - HTTP Request: POST https://api.freeapi.app/api/v1/kitchen-sink/http-methods/post "HTTP/1.1 200 OK"
2025-05-04 13:43:12,064 - INFO - External API call successful
2025-05-04 13:44:00,065 - INFO - HTTP Request: POST https://api.freeapi.app/api/v1/kitchen-sink/http-methods/post1 "HTTP/1.1 200 OK"
2025-05-04 13:44:00,105 - INFO - External API call successful
2025-05-04 13:45:43,088 - INFO - HTTP Request: POST https://api.freeapi.app/api/v1/kitchen-sink/http-methods/post1 "HTTP/1.1 200 OK"
2025-05-04 13:45:43,090 - INFO - External API call successful
2025-05-04 13:47:20,561 - INFO - HTTP Request: POST https://api.freeapi.app/api/v1/kitchen-sink/http-methods/post1 "HTTP/1.1 200 OK"
2025-05-04 13:47:20,562 - INFO - External API call successful
2025-05-04 13:51:18,837 - INFO - HTTP Request: POST https://api.freeapi.app/api/v1/kitchen-sink/http-methods/post1 "HTTP/1.1 200 OK"
2025-05-04 13:51:18,840 - INFO - External API call successful
2025-05-04 13:51:18,841 - ERROR - An unexpected error occurred: Expecting value: line 2 column 1 (char 1)
Traceback (most recent call last):
  File "F:\PythonApi\fastapi-template\main.py", line 105, in get_structured_data_query
    response_payload.data = response.json()
                            ^^^^^^^^^^^^^^^
  File "f:\PythonApi\.venv\Lib\site-packages\httpx\_models.py", line 832, in json
    return jsonlib.loads(self.content, **kwargs)
           ^^^^^^^^^^^^^^^^^^^^^^^^^^^^^^^^^^^^^
  File "C:\Users\dkt24\AppData\Local\Programs\Python\Python312\Lib\json\__init__.py", line 346, in loads
    return _default_decoder.decode(s)
           ^^^^^^^^^^^^^^^^^^^^^^^^^^
  File "C:\Users\dkt24\AppData\Local\Programs\Python\Python312\Lib\json\decoder.py", line 338, in decode
    obj, end = self.raw_decode(s, idx=_w(s, 0).end())
               ^^^^^^^^^^^^^^^^^^^^^^^^^^^^^^^^^^^^^^
  File "C:\Users\dkt24\AppData\Local\Programs\Python\Python312\Lib\json\decoder.py", line 356, in raw_decode
    raise JSONDecodeError("Expecting value", s, err.value) from None
json.decoder.JSONDecodeError: Expecting value: line 2 column 1 (char 1)
2025-05-04 13:52:47,900 - INFO - HTTP Request: POST https://api.freeapi.app/api/v1/kitchen-sink/http-methods/post1 "HTTP/1.1 200 OK"
2025-05-04 13:52:47,901 - INFO - External API call successful
2025-05-04 13:52:47,902 - ERROR - An unexpected error occurred: Expecting value: line 2 column 1 (char 1)
Traceback (most recent call last):
  File "F:\PythonApi\fastapi-template\main.py", line 105, in get_structured_data_query
    response_payload.data = response.json()
                            ^^^^^^^^^^^^^^^
  File "f:\PythonApi\.venv\Lib\site-packages\httpx\_models.py", line 832, in json
    return jsonlib.loads(self.content, **kwargs)
           ^^^^^^^^^^^^^^^^^^^^^^^^^^^^^^^^^^^^^
  File "C:\Users\dkt24\AppData\Local\Programs\Python\Python312\Lib\json\__init__.py", line 346, in loads
    return _default_decoder.decode(s)
           ^^^^^^^^^^^^^^^^^^^^^^^^^^
  File "C:\Users\dkt24\AppData\Local\Programs\Python\Python312\Lib\json\decoder.py", line 338, in decode
    obj, end = self.raw_decode(s, idx=_w(s, 0).end())
               ^^^^^^^^^^^^^^^^^^^^^^^^^^^^^^^^^^^^^^
  File "C:\Users\dkt24\AppData\Local\Programs\Python\Python312\Lib\json\decoder.py", line 356, in raw_decode
    raise JSONDecodeError("Expecting value", s, err.value) from None
json.decoder.JSONDecodeError: Expecting value: line 2 column 1 (char 1)
2025-05-04 13:53:32,403 - INFO - HTTP Request: POST https://api.freeapi.app/api/v1/kitchen-sink/http-methods/post1 "HTTP/1.1 200 OK"
2025-05-04 13:53:32,404 - INFO - External API call successful
2025-05-04 13:53:32,404 - ERROR - An unexpected error occurred: 'str' object is not callable
Traceback (most recent call last):
  File "F:\PythonApi\fastapi-template\main.py", line 105, in get_structured_data_query
    response_payload.data = response.text()
                            ^^^^^^^^^^^^^^^
TypeError: 'str' object is not callable
2025-05-04 13:53:59,460 - INFO - HTTP Request: POST https://api.freeapi.app/api/v1/kitchen-sink/http-methods/post1 "HTTP/1.1 200 OK"
2025-05-04 13:53:59,462 - INFO - External API call successful
2025-05-04 13:53:59,462 - ERROR - An unexpected error occurred: 'Response' object has no attribute 'message'
Traceback (most recent call last):
  File "F:\PythonApi\fastapi-template\main.py", line 105, in get_structured_data_query
    response_payload.data = response.message
                            ^^^^^^^^^^^^^^^^
AttributeError: 'Response' object has no attribute 'message'
2025-05-04 13:55:48,951 - INFO - HTTP Request: POST https://api.freeapi.app/api/v1/kitchen-sink/http-methods/post1 "HTTP/1.1 200 OK"
2025-05-04 13:55:48,953 - INFO - External API call successful
2025-05-04 13:55:48,954 - ERROR - An unexpected error occurred: Expecting value: line 2 column 1 (char 1)
Traceback (most recent call last):
  File "F:\PythonApi\fastapi-template\main.py", line 106, in get_structured_data_query
    response_payload.data = response.json()
                            ^^^^^^^^^^^^^^^
  File "f:\PythonApi\.venv\Lib\site-packages\httpx\_models.py", line 832, in json
    return jsonlib.loads(self.content, **kwargs)
           ^^^^^^^^^^^^^^^^^^^^^^^^^^^^^^^^^^^^^
  File "C:\Users\dkt24\AppData\Local\Programs\Python\Python312\Lib\json\__init__.py", line 346, in loads
    return _default_decoder.decode(s)
           ^^^^^^^^^^^^^^^^^^^^^^^^^^
  File "C:\Users\dkt24\AppData\Local\Programs\Python\Python312\Lib\json\decoder.py", line 338, in decode
    obj, end = self.raw_decode(s, idx=_w(s, 0).end())
               ^^^^^^^^^^^^^^^^^^^^^^^^^^^^^^^^^^^^^^
  File "C:\Users\dkt24\AppData\Local\Programs\Python\Python312\Lib\json\decoder.py", line 356, in raw_decode
    raise JSONDecodeError("Expecting value", s, err.value) from None
json.decoder.JSONDecodeError: Expecting value: line 2 column 1 (char 1)
2025-05-04 13:56:10,035 - INFO - HTTP Request: POST https://api.freeapi.app/api/v1/kitchen-sink/http-methods/post1 "HTTP/1.1 200 OK"
2025-05-04 13:56:10,036 - INFO - External API call successful
2025-05-04 13:56:10,036 - ERROR - An unexpected error occurred: Expecting value: line 2 column 1 (char 1)
Traceback (most recent call last):
  File "F:\PythonApi\fastapi-template\main.py", line 104, in get_structured_data_query
    print(response.json())
          ^^^^^^^^^^^^^^^
  File "f:\PythonApi\.venv\Lib\site-packages\httpx\_models.py", line 832, in json
    return jsonlib.loads(self.content, **kwargs)
           ^^^^^^^^^^^^^^^^^^^^^^^^^^^^^^^^^^^^^
  File "C:\Users\dkt24\AppData\Local\Programs\Python\Python312\Lib\json\__init__.py", line 346, in loads
    return _default_decoder.decode(s)
           ^^^^^^^^^^^^^^^^^^^^^^^^^^
  File "C:\Users\dkt24\AppData\Local\Programs\Python\Python312\Lib\json\decoder.py", line 338, in decode
    obj, end = self.raw_decode(s, idx=_w(s, 0).end())
               ^^^^^^^^^^^^^^^^^^^^^^^^^^^^^^^^^^^^^^
  File "C:\Users\dkt24\AppData\Local\Programs\Python\Python312\Lib\json\decoder.py", line 356, in raw_decode
    raise JSONDecodeError("Expecting value", s, err.value) from None
json.decoder.JSONDecodeError: Expecting value: line 2 column 1 (char 1)
2025-05-04 13:57:29,319 - INFO - HTTP Request: POST https://api.freeapi.app/api/v1/kitchen-sink/http-methods/post1 "HTTP/1.1 200 OK"
2025-05-04 13:57:29,343 - INFO - External API call successful
2025-05-04 13:57:29,343 - ERROR - An unexpected error occurred: Expecting value: line 2 column 1 (char 1)
Traceback (most recent call last):
  File "F:\PythonApi\fastapi-template\main.py", line 105, in get_structured_data_query
    response_payload.data = response.json()
                            ^^^^^^^^^^^^^^^
  File "f:\PythonApi\.venv\Lib\site-packages\httpx\_models.py", line 832, in json
    return jsonlib.loads(self.content, **kwargs)
           ^^^^^^^^^^^^^^^^^^^^^^^^^^^^^^^^^^^^^
  File "C:\Users\dkt24\AppData\Local\Programs\Python\Python312\Lib\json\__init__.py", line 346, in loads
    return _default_decoder.decode(s)
           ^^^^^^^^^^^^^^^^^^^^^^^^^^
  File "C:\Users\dkt24\AppData\Local\Programs\Python\Python312\Lib\json\decoder.py", line 338, in decode
    obj, end = self.raw_decode(s, idx=_w(s, 0).end())
               ^^^^^^^^^^^^^^^^^^^^^^^^^^^^^^^^^^^^^^
  File "C:\Users\dkt24\AppData\Local\Programs\Python\Python312\Lib\json\decoder.py", line 356, in raw_decode
    raise JSONDecodeError("Expecting value", s, err.value) from None
json.decoder.JSONDecodeError: Expecting value: line 2 column 1 (char 1)
2025-05-04 14:06:17,498 - INFO - Sending request to https://api.freeapi.app/api/v1/kitchen-sink/http-methods/post1 with payload: {}
2025-05-04 14:06:18,708 - INFO - HTTP Request: POST https://api.freeapi.app/api/v1/kitchen-sink/http-methods/post1 "HTTP/1.1 200 OK"
2025-05-04 14:06:18,709 - INFO - Received response: status=200, headers=Headers({'server': 'nginx/1.18.0 (Ubuntu)', 'date': 'Sun, 04 May 2025 08:36:18 GMT', 'content-type': 'text/html; charset=utf-8', 'transfer-encoding': 'chunked', 'connection': 'keep-alive', 'x-powered-by': 'Express', 'access-control-allow-origin': '*', 'access-control-allow-credentials': 'true', 'ratelimit-limit': '5000', 'ratelimit-remaining': '4999', 'ratelimit-reset': '549', 'etag': 'W/"c24-101sjkZSM1D5u285L87nw9jc8Ps"', 'set-cookie': 'connect.sid=s%3A8tXII78HdmyDNBu-kvgL8WqjagWsAOaN.EKmJf2AhyLYV0KJEDie1TtcQM9aMk2CEd9KoYsMsUTU; Path=/; HttpOnly', 'content-encoding': 'gzip'}), body=
<!-- HTML for static distribution bundle build -->
<!DOCTYPE html>
<html lang="en">
<head>
  <meta charset="UTF-8">
  
  <title>FreeAPI docs</title>
  <link rel="stylesheet" type="text/css" href="./swagger-ui.css" >
  <link rel="icon" type="image/png" href="./favicon-32x32.png" sizes="32x32" /><link rel="icon" type="image/png" href="./favicon-16x16.png" sizes="16x16" />
  <style>
    html
    {
      box-sizing: border-box;
      overflow: -moz-scrollbars-vertical;
      overflow-y: scroll;
    }
    *,
    *:before,
    *:after
    {
      box-sizing: inherit;
    }

    body {
      margin:0;
      background: #fafafa;
    }
  </style>
</head>

<body>

<svg xmlns="http://www.w3.org/2000/svg" xmlns:xlink="http://www.w3.org/1999/xlink" style="position:absolute;width:0;height:0">
  <defs>
    <symbol viewBox="0 0 20 20" id="unlocked">
      <path d="M15.8 8H14V5.6C14 2.703 12.665 1 10 1 7.334 1 6 2.703 6 5.6V6h2v-.801C8 3.754 8.797 3 10 3c1.203 0 2 .754 2 2.199V8H4c-.553 0-1 .646-1 1.199V17c0 .549.428 1.139.951 1.307l1.197.387C5.672 18.861 6.55 19 7.1 19h5.8c.549 0 1.428-.139 1.951-.307l1.196-.387c.524-.167.953-.757.953-1.306V9.199C17 8.646 16.352 8 15.8 8z"></path>
    </symbol>

    <symbol viewBox="0 0 20 20" id="locked">
      <path d="M15.8 8H14V5.6C14 2.703 12.665 1 10 1 7.334 1 6 2.703 6 5.6V8H4c-.553 0-1 .646-1 1.199V17c0 .549.428 1.139.951 1.307l1.197.387C5.672 18.861 6.55 19 7.1 19h5.8c.549 0 1.428-.139 1.951-.307l1.196-.387c.524-.167.953-.757.953-1.306V9.199C17 8.646 16.352 8 15.8 8zM12 8H8V5.199C8 3.754 8.797 3 10 3c1.203 0 2 .754 2 2.199V8z"/>
    </symbol>

    <symbol viewBox="0 0 20 20" id="close">
      <path d="M14.348 14.849c-.469.469-1.229.469-1.697 0L10 11.819l-2.651 3.029c-.469.469-1.229.469-1.697 0-.469-.469-.469-1.229 0-1.697l2.758-3.15-2.759-3.152c-.469-.469-.469-1.228 0-1.697.469-.469 1.228-.469 1.697 0L10 8.183l2.651-3.031c.469-.469 1.228-.469 1.697 0 .469.469.469 1.229 0 1.697l-2.758 3.152 2.758 3.15c.469.469.469 1.229 0 1.698z"/>
    </symbol>

    <symbol viewBox="0 0 20 20" id="large-arrow">
      <path d="M13.25 10L6.109 2.58c-.268-.27-.268-.707 0-.979.268-.27.701-.27.969 0l7.83 7.908c.268.271.268.709 0 .979l-7.83 7.908c-.268.271-.701.27-.969 0-.268-.269-.268-.707 0-.979L13.25 10z"/>
    </symbol>

    <symbol viewBox="0 0 20 20" id="large-arrow-down">
      <path d="M17.418 6.109c.272-.268.709-.268.979 0s.271.701 0 .969l-7.908 7.83c-.27.268-.707.268-.979 0l-7.908-7.83c-.27-.268-.27-.701 0-.969.271-.268.709-.268.979 0L10 13.25l7.418-7.141z"/>
    </symbol>


    <symbol viewBox="0 0 24 24" id="jump-to">
      <path d="M19 7v4H5.83l3.58-3.59L8 6l-6 6 6 6 1.41-1.41L5.83 13H21V7z"/>
    </symbol>

    <symbol viewBox="0 0 24 24" id="expand">
      <path d="M10 18h4v-2h-4v2zM3 6v2h18V6H3zm3 7h12v-2H6v2z"/>
    </symbol>

  </defs>
</svg>

<div id="swagger-ui"></div>

<script src="./swagger-ui-bundle.js"> </script>
<script src="./swagger-ui-standalone-preset.js"> </script>
<script src="./swagger-ui-init.js"> </script>



<style>
  .swagger-ui .topbar .download-url-wrapper { display: none } undefined
</style>
</body>

</html>

2025-05-04 14:06:18,709 - ERROR - Non-JSON response received: Content-Type=text/html; charset=utf-8, body=
<!-- HTML for static distribution bundle build -->
<!DOCTYPE html>
<html lang="en">
<head>
  <meta charset="UTF-8">
  
  <title>FreeAPI docs</title>
  <link rel="stylesheet" type="text/css" href="./swagger-ui.css" >
  <link rel="icon" type="image/png" href="./favicon-32x32.png" sizes="32x32" /><link rel="icon" type="image/png" href="./favicon-16x16.png" sizes="16x16" />
  <style>
    html
    {
      box-sizing: border-box;
      overflow: -moz-scrollbars-vertical;
      overflow-y: scroll;
    }
    *,
    *:before,
    *:after
    {
      box-sizing: inherit;
    }

    body {
      margin:0;
      background: #fafafa;
    }
  </style>
</head>

<body>

<svg xmlns="http://www.w3.org/2000/svg" xmlns:xlink="http://www.w3.org/1999/xlink" style="position:absolute;width:0;height:0">
  <defs>
    <symbol viewBox="0 0 20 20" id="unlocked">
      <path d="M15.8 8H14V5.6C14 2.703 12.665 1 10 1 7.334 1 6 2.703 6 5.6V6h2v-.801C8 3.754 8.797 3 10 3c1.203 0 2 .754 2 2.199V8H4c-.553 0-1 .646-1 1.199V17c0 .549.428 1.139.951 1.307l1.197.387C5.672 18.861 6.55 19 7.1 19h5.8c.549 0 1.428-.139 1.951-.307l1.196-.387c.524-.167.953-.757.953-1.306V9.199C17 8.646 16.352 8 15.8 8z"></path>
    </symbol>

    <symbol viewBox="0 0 20 20" id="locked">
      <path d="M15.8 8H14V5.6C14 2.703 12.665 1 10 1 7.334 1 6 2.703 6 5.6V8H4c-.553 0-1 .646-1 1.199V17c0 .549.428 1.139.951 1.307l1.197.387C5.672 18.861 6.55 19 7.1 19h5.8c.549 0 1.428-.139 1.951-.307l1.196-.387c.524-.167.953-.757.953-1.306V9.199C17 8.646 16.352 8 15.8 8zM12 8H8V5.199C8 3.754 8.797 3 10 3c1.203 0 2 .754 2 2.199V8z"/>
    </symbol>

    <symbol viewBox="0 0 20 20" id="close">
      <path d="M14.348 14.849c-.469.469-1.229.469-1.697 0L10 11.819l-2.651 3.029c-.469.469-1.229.469-1.697 0-.469-.469-.469-1.229 0-1.697l2.758-3.15-2.759-3.152c-.469-.469-.469-1.228 0-1.697.469-.469 1.228-.469 1.697 0L10 8.183l2.651-3.031c.469-.469 1.228-.469 1.697 0 .469.469.469 1.229 0 1.697l-2.758 3.152 2.758 3.15c.469.469.469 1.229 0 1.698z"/>
    </symbol>

    <symbol viewBox="0 0 20 20" id="large-arrow">
      <path d="M13.25 10L6.109 2.58c-.268-.27-.268-.707 0-.979.268-.27.701-.27.969 0l7.83 7.908c.268.271.268.709 0 .979l-7.83 7.908c-.268.271-.701.27-.969 0-.268-.269-.268-.707 0-.979L13.25 10z"/>
    </symbol>

    <symbol viewBox="0 0 20 20" id="large-arrow-down">
      <path d="M17.418 6.109c.272-.268.709-.268.979 0s.271.701 0 .969l-7.908 7.83c-.27.268-.707.268-.979 0l-7.908-7.83c-.27-.268-.27-.701 0-.969.271-.268.709-.268.979 0L10 13.25l7.418-7.141z"/>
    </symbol>


    <symbol viewBox="0 0 24 24" id="jump-to">
      <path d="M19 7v4H5.83l3.58-3.59L8 6l-6 6 6 6 1.41-1.41L5.83 13H21V7z"/>
    </symbol>

    <symbol viewBox="0 0 24 24" id="expand">
      <path d="M10 18h4v-2h-4v2zM3 6v2h18V6H3zm3 7h12v-2H6v2z"/>
    </symbol>

  </defs>
</svg>

<div id="swagger-ui"></div>

<script src="./swagger-ui-bundle.js"> </script>
<script src="./swagger-ui-standalone-preset.js"> </script>
<script src="./swagger-ui-init.js"> </script>



<style>
  .swagger-ui .topbar .download-url-wrapper { display: none } undefined
</style>
</body>

</html>

2025-05-04 14:07:14,011 - INFO - Sending request to https://api.freeapi.app/api/v1/kitchen-sink/http-methods/post with payload: {}
2025-05-04 14:07:14,831 - INFO - HTTP Request: POST https://api.freeapi.app/api/v1/kitchen-sink/http-methods/post "HTTP/1.1 200 OK"
2025-05-04 14:07:14,832 - INFO - Received response: status=200, headers=Headers({'server': 'nginx/1.18.0 (Ubuntu)', 'date': 'Sun, 04 May 2025 08:37:14 GMT', 'content-type': 'application/json; charset=utf-8', 'content-length': '501', 'connection': 'keep-alive', 'x-powered-by': 'Express', 'access-control-allow-origin': '*', 'access-control-allow-credentials': 'true', 'ratelimit-limit': '5000', 'ratelimit-remaining': '4998', 'ratelimit-reset': '492', 'etag': 'W/"1f5-wNqmbrxAO0XG32sd1HWpQxWOOpM"', 'set-cookie': 'connect.sid=s%3Asx_EUcyk6oKCqJwLeRAjj9lxoD2VQLwq.KqabTpTI5%2FUtSPPYBkvRBOAHZ3JSUALKS%2FfoXJ3Wi8A; Path=/; HttpOnly'}), body={"statusCode":200,"data":{"method":"POST","headers":{"connection":"upgrade","host":"api.freeapi.app","x-real-ip":"103.83.129.64","x-forwarded-for":"103.83.129.64","content-length":"2","accept-encoding":"gzip, deflate","user-agent":"python-httpx/0.28.1","apikey":"XNXKNZ","x-tokey-key":"MSDLKCMKD","accept":"application/json","content-type":"application/json"},"origin":"::ffff:192.168.32.3","url":"http://api.freeapi.app/api/v1/kitchen-sink/http-methods/post"},"message":"POST request","success":true}
2025-05-04 14:07:14,832 - INFO - External API call successful
2025-05-04 14:18:35,878 - INFO - Sending request to https://api.freeapi.app/api/v1/kitchen-sink/http-methods/post with payload: {}
2025-05-04 14:18:36,964 - INFO - HTTP Request: POST https://api.freeapi.app/api/v1/kitchen-sink/http-methods/post "HTTP/1.1 200 OK"
2025-05-04 14:18:36,965 - INFO - Received response: status=200, headers=Headers({'server': 'nginx/1.18.0 (Ubuntu)', 'date': 'Sun, 04 May 2025 08:48:36 GMT', 'content-type': 'application/json; charset=utf-8', 'content-length': '501', 'connection': 'keep-alive', 'x-powered-by': 'Express', 'access-control-allow-origin': '*', 'access-control-allow-credentials': 'true', 'ratelimit-limit': '5000', 'ratelimit-remaining': '4999', 'ratelimit-reset': '710', 'etag': 'W/"1f5-wNqmbrxAO0XG32sd1HWpQxWOOpM"', 'set-cookie': 'connect.sid=s%3ApXtxgDimz2Zc9hGWNp9Tfs03Bd-GCgYo.X%2Bsn4F91WxV9fy51gnw8Axg%2BHCX7Xhsd%2BdGjafL8uG4; Path=/; HttpOnly'}), body={"statusCode":200,"data":{"method":"POST","headers":{"connection":"upgrade","host":"api.freeapi.app","x-real-ip":"103.83.129.64","x-forwarded-for":"103.83.129.64","content-length":"2","accept-encoding":"gzip, deflate","user-agent":"python-httpx/0.28.1","apikey":"XNXKNZ","x-tokey-key":"MSDLKCMKD","accept":"application/json","content-type":"application/json"},"origin":"::ffff:192.168.32.3","url":"http://api.freeapi.app/api/v1/kitchen-sink/http-methods/post"},"message":"POST request","success":true}
2025-05-04 14:18:36,965 - INFO - External API call successful
2025-05-04 14:18:40,959 - INFO - Sending request to https://api.freeapi.app/api/v1/kitchen-sink/http-methods/post with payload: {}
2025-05-04 14:18:41,770 - INFO - HTTP Request: POST https://api.freeapi.app/api/v1/kitchen-sink/http-methods/post "HTTP/1.1 200 OK"
2025-05-04 14:18:41,771 - INFO - Received response: status=200, headers=Headers({'server': 'nginx/1.18.0 (Ubuntu)', 'date': 'Sun, 04 May 2025 08:48:41 GMT', 'content-type': 'application/json; charset=utf-8', 'content-length': '501', 'connection': 'keep-alive', 'x-powered-by': 'Express', 'access-control-allow-origin': '*', 'access-control-allow-credentials': 'true', 'ratelimit-limit': '5000', 'ratelimit-remaining': '4998', 'ratelimit-reset': '706', 'etag': 'W/"1f5-wNqmbrxAO0XG32sd1HWpQxWOOpM"', 'set-cookie': 'connect.sid=s%3Ar10hClPwoyymzHKzX9Dm5qt76ET7m0ll.dR2GjgZ9hYKT06qM5iOtSeUPOm63o0%2FGscPtQ0DDEbw; Path=/; HttpOnly'}), body={"statusCode":200,"data":{"method":"POST","headers":{"connection":"upgrade","host":"api.freeapi.app","x-real-ip":"103.83.129.64","x-forwarded-for":"103.83.129.64","content-length":"2","accept-encoding":"gzip, deflate","user-agent":"python-httpx/0.28.1","apikey":"XNXKNZ","x-tokey-key":"MSDLKCMKD","accept":"application/json","content-type":"application/json"},"origin":"::ffff:192.168.32.3","url":"http://api.freeapi.app/api/v1/kitchen-sink/http-methods/post"},"message":"POST request","success":true}
2025-05-04 14:18:41,772 - INFO - External API call successful
2025-05-04 14:18:45,457 - INFO - Sending request to https://api.freeapi.app/api/v1/kitchen-sink/http-methods/post1 with payload: {}
2025-05-04 14:18:46,330 - INFO - HTTP Request: POST https://api.freeapi.app/api/v1/kitchen-sink/http-methods/post1 "HTTP/1.1 200 OK"
2025-05-04 14:18:46,331 - INFO - Received response: status=200, headers=Headers({'server': 'nginx/1.18.0 (Ubuntu)', 'date': 'Sun, 04 May 2025 08:48:46 GMT', 'content-type': 'text/html; charset=utf-8', 'transfer-encoding': 'chunked', 'connection': 'keep-alive', 'x-powered-by': 'Express', 'access-control-allow-origin': '*', 'access-control-allow-credentials': 'true', 'ratelimit-limit': '5000', 'ratelimit-remaining': '4997', 'ratelimit-reset': '701', 'etag': 'W/"c24-101sjkZSM1D5u285L87nw9jc8Ps"', 'set-cookie': 'connect.sid=s%3AON7uzS7T6Usicta4y_53d6nFLNpGvFa-.bvJkvMb61Yesq6TK%2Fhn0tVFBdij2dKZd2RrU2UKI07A; Path=/; HttpOnly', 'content-encoding': 'gzip'}), body=
<!-- HTML for static distribution bundle build -->
<!DOCTYPE html>
<html lang="en">
<head>
  <meta charset="UTF-8">
  
  <title>FreeAPI docs</title>
  <link rel="stylesheet" type="text/css" href="./swagger-ui.css" >
  <link rel="icon" type="image/png" href="./favicon-32x32.png" sizes="32x32" /><link rel="icon" type="image/png" href="./favicon-16x16.png" sizes="16x16" />
  <style>
    html
    {
      box-sizing: border-box;
      overflow: -moz-scrollbars-vertical;
      overflow-y: scroll;
    }
    *,
    *:before,
    *:after
    {
      box-sizing: inherit;
    }

    body {
      margin:0;
      background: #fafafa;
    }
  </style>
</head>

<body>

<svg xmlns="http://www.w3.org/2000/svg" xmlns:xlink="http://www.w3.org/1999/xlink" style="position:absolute;width:0;height:0">
  <defs>
    <symbol viewBox="0 0 20 20" id="unlocked">
      <path d="M15.8 8H14V5.6C14 2.703 12.665 1 10 1 7.334 1 6 2.703 6 5.6V6h2v-.801C8 3.754 8.797 3 10 3c1.203 0 2 .754 2 2.199V8H4c-.553 0-1 .646-1 1.199V17c0 .549.428 1.139.951 1.307l1.197.387C5.672 18.861 6.55 19 7.1 19h5.8c.549 0 1.428-.139 1.951-.307l1.196-.387c.524-.167.953-.757.953-1.306V9.199C17 8.646 16.352 8 15.8 8z"></path>
    </symbol>

    <symbol viewBox="0 0 20 20" id="locked">
      <path d="M15.8 8H14V5.6C14 2.703 12.665 1 10 1 7.334 1 6 2.703 6 5.6V8H4c-.553 0-1 .646-1 1.199V17c0 .549.428 1.139.951 1.307l1.197.387C5.672 18.861 6.55 19 7.1 19h5.8c.549 0 1.428-.139 1.951-.307l1.196-.387c.524-.167.953-.757.953-1.306V9.199C17 8.646 16.352 8 15.8 8zM12 8H8V5.199C8 3.754 8.797 3 10 3c1.203 0 2 .754 2 2.199V8z"/>
    </symbol>

    <symbol viewBox="0 0 20 20" id="close">
      <path d="M14.348 14.849c-.469.469-1.229.469-1.697 0L10 11.819l-2.651 3.029c-.469.469-1.229.469-1.697 0-.469-.469-.469-1.229 0-1.697l2.758-3.15-2.759-3.152c-.469-.469-.469-1.228 0-1.697.469-.469 1.228-.469 1.697 0L10 8.183l2.651-3.031c.469-.469 1.228-.469 1.697 0 .469.469.469 1.229 0 1.697l-2.758 3.152 2.758 3.15c.469.469.469 1.229 0 1.698z"/>
    </symbol>

    <symbol viewBox="0 0 20 20" id="large-arrow">
      <path d="M13.25 10L6.109 2.58c-.268-.27-.268-.707 0-.979.268-.27.701-.27.969 0l7.83 7.908c.268.271.268.709 0 .979l-7.83 7.908c-.268.271-.701.27-.969 0-.268-.269-.268-.707 0-.979L13.25 10z"/>
    </symbol>

    <symbol viewBox="0 0 20 20" id="large-arrow-down">
      <path d="M17.418 6.109c.272-.268.709-.268.979 0s.271.701 0 .969l-7.908 7.83c-.27.268-.707.268-.979 0l-7.908-7.83c-.27-.268-.27-.701 0-.969.271-.268.709-.268.979 0L10 13.25l7.418-7.141z"/>
    </symbol>


    <symbol viewBox="0 0 24 24" id="jump-to">
      <path d="M19 7v4H5.83l3.58-3.59L8 6l-6 6 6 6 1.41-1.41L5.83 13H21V7z"/>
    </symbol>

    <symbol viewBox="0 0 24 24" id="expand">
      <path d="M10 18h4v-2h-4v2zM3 6v2h18V6H3zm3 7h12v-2H6v2z"/>
    </symbol>

  </defs>
</svg>

<div id="swagger-ui"></div>

<script src="./swagger-ui-bundle.js"> </script>
<script src="./swagger-ui-standalone-preset.js"> </script>
<script src="./swagger-ui-init.js"> </script>



<style>
  .swagger-ui .topbar .download-url-wrapper { display: none } undefined
</style>
</body>

</html>

2025-05-04 14:18:46,331 - ERROR - Non-JSON response received: Content-Type=text/html; charset=utf-8, body=
<!-- HTML for static distribution bundle build -->
<!DOCTYPE html>
<html lang="en">
<head>
  <meta charset="UTF-8">
  
  <title>FreeAPI docs</title>
  <link rel="stylesheet" type="text/css" href="./swagger-ui.css" >
  <link rel="icon" type="image/png" href="./favicon-32x32.png" sizes="32x32" /><link rel="icon" type="image/png" href="./favicon-16x16.png" sizes="16x16" />
  <style>
    html
    {
      box-sizing: border-box;
      overflow: -moz-scrollbars-vertical;
      overflow-y: scroll;
    }
    *,
    *:before,
    *:after
    {
      box-sizing: inherit;
    }

    body {
      margin:0;
      background: #fafafa;
    }
  </style>
</head>

<body>

<svg xmlns="http://www.w3.org/2000/svg" xmlns:xlink="http://www.w3.org/1999/xlink" style="position:absolute;width:0;height:0">
  <defs>
    <symbol viewBox="0 0 20 20" id="unlocked">
      <path d="M15.8 8H14V5.6C14 2.703 12.665 1 10 1 7.334 1 6 2.703 6 5.6V6h2v-.801C8 3.754 8.797 3 10 3c1.203 0 2 .754 2 2.199V8H4c-.553 0-1 .646-1 1.199V17c0 .549.428 1.139.951 1.307l1.197.387C5.672 18.861 6.55 19 7.1 19h5.8c.549 0 1.428-.139 1.951-.307l1.196-.387c.524-.167.953-.757.953-1.306V9.199C17 8.646 16.352 8 15.8 8z"></path>
    </symbol>

    <symbol viewBox="0 0 20 20" id="locked">
      <path d="M15.8 8H14V5.6C14 2.703 12.665 1 10 1 7.334 1 6 2.703 6 5.6V8H4c-.553 0-1 .646-1 1.199V17c0 .549.428 1.139.951 1.307l1.197.387C5.672 18.861 6.55 19 7.1 19h5.8c.549 0 1.428-.139 1.951-.307l1.196-.387c.524-.167.953-.757.953-1.306V9.199C17 8.646 16.352 8 15.8 8zM12 8H8V5.199C8 3.754 8.797 3 10 3c1.203 0 2 .754 2 2.199V8z"/>
    </symbol>

    <symbol viewBox="0 0 20 20" id="close">
      <path d="M14.348 14.849c-.469.469-1.229.469-1.697 0L10 11.819l-2.651 3.029c-.469.469-1.229.469-1.697 0-.469-.469-.469-1.229 0-1.697l2.758-3.15-2.759-3.152c-.469-.469-.469-1.228 0-1.697.469-.469 1.228-.469 1.697 0L10 8.183l2.651-3.031c.469-.469 1.228-.469 1.697 0 .469.469.469 1.229 0 1.697l-2.758 3.152 2.758 3.15c.469.469.469 1.229 0 1.698z"/>
    </symbol>

    <symbol viewBox="0 0 20 20" id="large-arrow">
      <path d="M13.25 10L6.109 2.58c-.268-.27-.268-.707 0-.979.268-.27.701-.27.969 0l7.83 7.908c.268.271.268.709 0 .979l-7.83 7.908c-.268.271-.701.27-.969 0-.268-.269-.268-.707 0-.979L13.25 10z"/>
    </symbol>

    <symbol viewBox="0 0 20 20" id="large-arrow-down">
      <path d="M17.418 6.109c.272-.268.709-.268.979 0s.271.701 0 .969l-7.908 7.83c-.27.268-.707.268-.979 0l-7.908-7.83c-.27-.268-.27-.701 0-.969.271-.268.709-.268.979 0L10 13.25l7.418-7.141z"/>
    </symbol>


    <symbol viewBox="0 0 24 24" id="jump-to">
      <path d="M19 7v4H5.83l3.58-3.59L8 6l-6 6 6 6 1.41-1.41L5.83 13H21V7z"/>
    </symbol>

    <symbol viewBox="0 0 24 24" id="expand">
      <path d="M10 18h4v-2h-4v2zM3 6v2h18V6H3zm3 7h12v-2H6v2z"/>
    </symbol>

  </defs>
</svg>

<div id="swagger-ui"></div>

<script src="./swagger-ui-bundle.js"> </script>
<script src="./swagger-ui-standalone-preset.js"> </script>
<script src="./swagger-ui-init.js"> </script>



<style>
  .swagger-ui .topbar .download-url-wrapper { display: none } undefined
</style>
</body>

</html>

2025-05-04 14:24:54,826 - INFO - Sending request to https://api.freeapi.app/api/v1/kitchen-sink/http-methods/post1 with payload: {}
2025-05-04 14:24:55,971 - INFO - HTTP Request: POST https://api.freeapi.app/api/v1/kitchen-sink/http-methods/post1 "HTTP/1.1 200 OK"
2025-05-04 14:24:55,972 - INFO - Received response: status=200, headers=Headers({'server': 'nginx/1.18.0 (Ubuntu)', 'date': 'Sun, 04 May 2025 08:54:55 GMT', 'content-type': 'text/html; charset=utf-8', 'transfer-encoding': 'chunked', 'connection': 'keep-alive', 'x-powered-by': 'Express', 'access-control-allow-origin': '*', 'access-control-allow-credentials': 'true', 'ratelimit-limit': '5000', 'ratelimit-remaining': '4996', 'ratelimit-reset': '331', 'etag': 'W/"c24-101sjkZSM1D5u285L87nw9jc8Ps"', 'set-cookie': 'connect.sid=s%3AmR_NdJlDz4OCIM8vWsxJlBvyJtszWwkM.6GHAxdPHThRD8SHsFPQ8RzAX1litppnFhmhep2TkNBg; Path=/; HttpOnly', 'content-encoding': 'gzip'}), body=
<!-- HTML for static distribution bundle build -->
<!DOCTYPE html>
<html lang="en">
<head>
  <meta charset="UTF-8">
  
  <title>FreeAPI docs</title>
  <link rel="stylesheet" type="text/css" href="./swagger-ui.css" >
  <link rel="icon" type="image/png" href="./favicon-32x32.png" sizes="32x32" /><link rel="icon" type="image/png" href="./favicon-16x16.png" sizes="16x16" />
  <style>
    html
    {
      box-sizing: border-box;
      overflow: -moz-scrollbars-vertical;
      overflow-y: scroll;
    }
    *,
    *:before,
    *:after
    {
      box-sizing: inherit;
    }

    body {
      margin:0;
      background: #fafafa;
    }
  </style>
</head>

<body>

<svg xmlns="http://www.w3.org/2000/svg" xmlns:xlink="http://www.w3.org/1999/xlink" style="position:absolute;width:0;height:0">
  <defs>
    <symbol viewBox="0 0 20 20" id="unlocked">
      <path d="M15.8 8H14V5.6C14 2.703 12.665 1 10 1 7.334 1 6 2.703 6 5.6V6h2v-.801C8 3.754 8.797 3 10 3c1.203 0 2 .754 2 2.199V8H4c-.553 0-1 .646-1 1.199V17c0 .549.428 1.139.951 1.307l1.197.387C5.672 18.861 6.55 19 7.1 19h5.8c.549 0 1.428-.139 1.951-.307l1.196-.387c.524-.167.953-.757.953-1.306V9.199C17 8.646 16.352 8 15.8 8z"></path>
    </symbol>

    <symbol viewBox="0 0 20 20" id="locked">
      <path d="M15.8 8H14V5.6C14 2.703 12.665 1 10 1 7.334 1 6 2.703 6 5.6V8H4c-.553 0-1 .646-1 1.199V17c0 .549.428 1.139.951 1.307l1.197.387C5.672 18.861 6.55 19 7.1 19h5.8c.549 0 1.428-.139 1.951-.307l1.196-.387c.524-.167.953-.757.953-1.306V9.199C17 8.646 16.352 8 15.8 8zM12 8H8V5.199C8 3.754 8.797 3 10 3c1.203 0 2 .754 2 2.199V8z"/>
    </symbol>

    <symbol viewBox="0 0 20 20" id="close">
      <path d="M14.348 14.849c-.469.469-1.229.469-1.697 0L10 11.819l-2.651 3.029c-.469.469-1.229.469-1.697 0-.469-.469-.469-1.229 0-1.697l2.758-3.15-2.759-3.152c-.469-.469-.469-1.228 0-1.697.469-.469 1.228-.469 1.697 0L10 8.183l2.651-3.031c.469-.469 1.228-.469 1.697 0 .469.469.469 1.229 0 1.697l-2.758 3.152 2.758 3.15c.469.469.469 1.229 0 1.698z"/>
    </symbol>

    <symbol viewBox="0 0 20 20" id="large-arrow">
      <path d="M13.25 10L6.109 2.58c-.268-.27-.268-.707 0-.979.268-.27.701-.27.969 0l7.83 7.908c.268.271.268.709 0 .979l-7.83 7.908c-.268.271-.701.27-.969 0-.268-.269-.268-.707 0-.979L13.25 10z"/>
    </symbol>

    <symbol viewBox="0 0 20 20" id="large-arrow-down">
      <path d="M17.418 6.109c.272-.268.709-.268.979 0s.271.701 0 .969l-7.908 7.83c-.27.268-.707.268-.979 0l-7.908-7.83c-.27-.268-.27-.701 0-.969.271-.268.709-.268.979 0L10 13.25l7.418-7.141z"/>
    </symbol>


    <symbol viewBox="0 0 24 24" id="jump-to">
      <path d="M19 7v4H5.83l3.58-3.59L8 6l-6 6 6 6 1.41-1.41L5.83 13H21V7z"/>
    </symbol>

    <symbol viewBox="0 0 24 24" id="expand">
      <path d="M10 18h4v-2h-4v2zM3 6v2h18V6H3zm3 7h12v-2H6v2z"/>
    </symbol>

  </defs>
</svg>

<div id="swagger-ui"></div>

<script src="./swagger-ui-bundle.js"> </script>
<script src="./swagger-ui-standalone-preset.js"> </script>
<script src="./swagger-ui-init.js"> </script>



<style>
  .swagger-ui .topbar .download-url-wrapper { display: none } undefined
</style>
</body>

</html>

2025-05-04 14:24:55,973 - ERROR - HTML error page received: https://api.freeapi.app/api/v1/kitchen-sink/http-methods/post1, body=
<!-- HTML for static distribution bundle build -->
<!DOCTYPE html>
<html lang="en">
<head>
  <meta charset="UTF-8">
  
  <title>FreeAPI docs</title>
  <link rel="stylesheet" type="text/css" href="./swagger-ui.css" >
  <link rel="icon" type="image/png" href="./favicon-32x32.png" sizes="32x32" /><link rel="icon" type="image/png" href="./favicon-16x16.png" sizes="16x16" />
  <style>
    html
    {
      box-sizing: border-box;
      overflow: -moz-scrollbars-vertical;
      overflow-y: scroll;
    }
    *,
    *:before,
    *:after
    {
      box-sizing: inherit;
    }

    body {
      margin:0;
      background: #fafafa;
    }
  </style>
</head>

<body>

<svg xmlns="http://www.w3.org/2000/svg" xmlns:xlink="http://www.w3.org/1999/xlink" style="position:absolute;width:0;height:0">
  <defs>
    <symbol viewBox="0 0 20 20" id="unlocked">
      <path d="M15.8 8H14V5.6C14 2.703 12.665 1 10 1 7.334 1 6 2.703 6 5.6V6h2v-.801C8 3.754 8.797 3 10 3c1.203 0 2 .754 2 2.199V8H4c-.553 0-1 .646-1 1.199V17c0 .549.428 1.139.951 1.307l1.197.387C5.672 18.861 6.55 19 7.1 19h5.8c.549 0 1.428-.139 1.951-.307l1.196-.387c.524-.167.953-.757.953-1.306V9.199C17 8.646 16.352 8 15.8 8z"></path>
    </symbol>

    <symbol viewBox="0 0 20 20" id="locked">
      <path d="M15.8 8H14V5.6C14 2.703 12.665 1 10 1 7.334 1 6 2.703 6 5.6V8H4c-.553 0-1 .646-1 1.199V17c0 .549.428 1.139.951 1.307l1.197.387C5.672 18.861 6.55 19 7.1 19h5.8c.549 0 1.428-.139 1.951-.307l1.196-.387c.524-.167.953-.757.953-1.306V9.199C17 8.646 16.352 8 15.8 8zM12 8H8V5.199C8 3.754 8.797 3 10 3c1.203 0 2 .754 2 2.199V8z"/>
    </symbol>

    <symbol viewBox="0 0 20 20" id="close">
      <path d="M14.348 14.849c-.469.469-1.229.469-1.697 0L10 11.819l-2.651 3.029c-.469.469-1.229.469-1.697 0-.469-.469-.469-1.229 0-1.697l2.758-3.15-2.759-3.152c-.469-.469-.469-1.228 0-1.697.469-.469 1.228-.469 1.697 0L10 8.183l2.651-3.031c.469-.469 1.228-.469 1.697 0 .469.469.469 1.229 0 1.697l-2.758 3.152 2.758 3.15c.469.469.469 1.229 0 1.698z"/>
    </symbol>

    <symbol viewBox="0 0 20 20" id="large-arrow">
      <path d="M13.25 10L6.109 2.58c-.268-.27-.268-.707 0-.979.268-.27.701-.27.969 0l7.83 7.908c.268.271.268.709 0 .979l-7.83 7.908c-.268.271-.701.27-.969 0-.268-.269-.268-.707 0-.979L13.25 10z"/>
    </symbol>

    <symbol viewBox="0 0 20 20" id="large-arrow-down">
      <path d="M17.418 6.109c.272-.268.709-.268.979 0s.271.701 0 .969l-7.908 7.83c-.27.268-.707.268-.979 0l-7.908-7.83c-.27-.268-.27-.701 0-.969.271-.268.709-.268.979 0L10 13.25l7.418-7.141z"/>
    </symbol>


    <symbol viewBox="0 0 24 24" id="jump-to">
      <path d="M19 7v4H5.83l3.58-3.59L8 6l-6 6 6 6 1.41-1.41L5.83 13H21V7z"/>
    </symbol>

    <symbol viewBox="0 0 24 24" id="expand">
      <path d="M10 18h4v-2h-4v2zM3 6v2h18V6H3zm3 7h12v-2H6v2z"/>
    </symbol>

  </defs>
</svg>

<div id="swagger-ui"></div>

<script src="./swagger-ui-bundle.js"> </script>
<script src="./swagger-ui-standalone-preset.js"> </script>
<script src="./swagger-ui-init.js"> </script>



<style>
  .swagger-ui .topbar .download-url-wrapper { display: none } undefined
</style>
</body>

</html>

2025-05-04 14:25:10,873 - INFO - Sending request to https://api.freeapi.app/api/v1/kitchen-sink/http-methods/post with payload: {}
2025-05-04 14:25:11,891 - INFO - HTTP Request: POST https://api.freeapi.app/api/v1/kitchen-sink/http-methods/post "HTTP/1.1 200 OK"
2025-05-04 14:25:11,893 - INFO - Received response: status=200, headers=Headers({'server': 'nginx/1.18.0 (Ubuntu)', 'date': 'Sun, 04 May 2025 08:55:11 GMT', 'content-type': 'application/json; charset=utf-8', 'content-length': '501', 'connection': 'keep-alive', 'x-powered-by': 'Express', 'access-control-allow-origin': '*', 'access-control-allow-credentials': 'true', 'ratelimit-limit': '5000', 'ratelimit-remaining': '4995', 'ratelimit-reset': '315', 'etag': 'W/"1f5-wNqmbrxAO0XG32sd1HWpQxWOOpM"', 'set-cookie': 'connect.sid=s%3AjDuUxuUVoLQ-XlGRNvyGx-B-rcfDGx0-.EJkBtjTM%2Frna5TwSeofyqZuwm0f8LmoVahCjRPfnOOM; Path=/; HttpOnly'}), body={"statusCode":200,"data":{"method":"POST","headers":{"connection":"upgrade","host":"api.freeapi.app","x-real-ip":"103.83.129.64","x-forwarded-for":"103.83.129.64","content-length":"2","accept-encoding":"gzip, deflate","user-agent":"python-httpx/0.28.1","apikey":"XNXKNZ","x-tokey-key":"MSDLKCMKD","accept":"application/json","content-type":"application/json"},"origin":"::ffff:192.168.32.3","url":"http://api.freeapi.app/api/v1/kitchen-sink/http-methods/post"},"message":"POST request","success":true}
2025-05-04 14:25:11,893 - INFO - External API call successful
2025-05-04 14:26:51,870 - INFO - Sending request to https://api.freeapi.app/api/v1/kitchen-sink/http-methods/post with payload: {}
2025-05-04 14:26:52,715 - INFO - HTTP Request: POST https://api.freeapi.app/api/v1/kitchen-sink/http-methods/post "HTTP/1.1 200 OK"
2025-05-04 14:26:52,716 - INFO - Received response: status=200, headers=Headers({'server': 'nginx/1.18.0 (Ubuntu)', 'date': 'Sun, 04 May 2025 08:56:52 GMT', 'content-type': 'application/json; charset=utf-8', 'content-length': '501', 'connection': 'keep-alive', 'x-powered-by': 'Express', 'access-control-allow-origin': '*', 'access-control-allow-credentials': 'true', 'ratelimit-limit': '5000', 'ratelimit-remaining': '4994', 'ratelimit-reset': '215', 'etag': 'W/"1f5-wNqmbrxAO0XG32sd1HWpQxWOOpM"', 'set-cookie': 'connect.sid=s%3AyKrRCJQ-0J8UdTya3izMsHMrklIJSdGa.Uw1vKJsU5LZWdHN3Af54%2Fm6pwK5Qm7OOKBxCDCCPS%2FM; Path=/; HttpOnly'}), body={"statusCode":200,"data":{"method":"POST","headers":{"connection":"upgrade","host":"api.freeapi.app","x-real-ip":"103.83.129.64","x-forwarded-for":"103.83.129.64","content-length":"2","accept-encoding":"gzip, deflate","user-agent":"python-httpx/0.28.1","apikey":"XNXKNZ","x-tokey-key":"MSDLKCMKD","accept":"application/json","content-type":"application/json"},"origin":"::ffff:192.168.32.3","url":"http://api.freeapi.app/api/v1/kitchen-sink/http-methods/post"},"message":"POST request","success":true}
2025-05-04 14:26:52,717 - INFO - External API call successful
2025-05-04 14:27:46,418 - INFO - Sending request to https://api.freeapi.app/api/v1/kitchen-sink/http-methods/post with payload: {}
2025-05-04 14:27:47,270 - INFO - HTTP Request: POST https://api.freeapi.app/api/v1/kitchen-sink/http-methods/post "HTTP/1.1 200 OK"
2025-05-04 14:27:47,272 - INFO - Received response: status=200, headers=Headers({'server': 'nginx/1.18.0 (Ubuntu)', 'date': 'Sun, 04 May 2025 08:57:47 GMT', 'content-type': 'application/json; charset=utf-8', 'content-length': '501', 'connection': 'keep-alive', 'x-powered-by': 'Express', 'access-control-allow-origin': '*', 'access-control-allow-credentials': 'true', 'ratelimit-limit': '5000', 'ratelimit-remaining': '4993', 'ratelimit-reset': '160', 'etag': 'W/"1f5-wNqmbrxAO0XG32sd1HWpQxWOOpM"', 'set-cookie': 'connect.sid=s%3A5aNEZFoVK2pCwF0ryINiooe8ICbhPBtR.SPNvpVY6dfi914whRGup1sZNlgM1zAH%2B1iembNTQGCY; Path=/; HttpOnly'}), body={"statusCode":200,"data":{"method":"POST","headers":{"connection":"upgrade","host":"api.freeapi.app","x-real-ip":"103.83.129.64","x-forwarded-for":"103.83.129.64","content-length":"2","accept-encoding":"gzip, deflate","user-agent":"python-httpx/0.28.1","apikey":"XNXKNZ","x-tokey-key":"MSDLKCMKD","accept":"application/json","content-type":"application/json"},"origin":"::ffff:192.168.32.3","url":"http://api.freeapi.app/api/v1/kitchen-sink/http-methods/post"},"message":"POST request","success":true}
2025-05-04 14:27:47,272 - INFO - External API call successful
2025-05-04 14:28:00,847 - INFO - Sending request to https://api.freeapi.app/api/v1/kitchen-sink/http-methods1/post with payload: {}
2025-05-04 14:28:01,691 - INFO - HTTP Request: POST https://api.freeapi.app/api/v1/kitchen-sink/http-methods1/post "HTTP/1.1 200 OK"
2025-05-04 14:28:01,692 - INFO - Received response: status=200, headers=Headers({'server': 'nginx/1.18.0 (Ubuntu)', 'date': 'Sun, 04 May 2025 08:58:01 GMT', 'content-type': 'text/html; charset=utf-8', 'transfer-encoding': 'chunked', 'connection': 'keep-alive', 'x-powered-by': 'Express', 'access-control-allow-origin': '*', 'access-control-allow-credentials': 'true', 'ratelimit-limit': '5000', 'ratelimit-remaining': '4992', 'ratelimit-reset': '146', 'etag': 'W/"c24-101sjkZSM1D5u285L87nw9jc8Ps"', 'set-cookie': 'connect.sid=s%3AgtDOqq5QRkzya2jZejaKCEsECtUTD_i1.GqiXHIkxoXjs5KtlrPSnrMb54LAI0zmesxyT2H4RfZc; Path=/; HttpOnly', 'content-encoding': 'gzip'}), body=
<!-- HTML for static distribution bundle build -->
<!DOCTYPE html>
<html lang="en">
<head>
  <meta charset="UTF-8">
  
  <title>FreeAPI docs</title>
  <link rel="stylesheet" type="text/css" href="./swagger-ui.css" >
  <link rel="icon" type="image/png" href="./favicon-32x32.png" sizes="32x32" /><link rel="icon" type="image/png" href="./favicon-16x16.png" sizes="16x16" />
  <style>
    html
    {
      box-sizing: border-box;
      overflow: -moz-scrollbars-vertical;
      overflow-y: scroll;
    }
    *,
    *:before,
    *:after
    {
      box-sizing: inherit;
    }

    body {
      margin:0;
      background: #fafafa;
    }
  </style>
</head>

<body>

<svg xmlns="http://www.w3.org/2000/svg" xmlns:xlink="http://www.w3.org/1999/xlink" style="position:absolute;width:0;height:0">
  <defs>
    <symbol viewBox="0 0 20 20" id="unlocked">
      <path d="M15.8 8H14V5.6C14 2.703 12.665 1 10 1 7.334 1 6 2.703 6 5.6V6h2v-.801C8 3.754 8.797 3 10 3c1.203 0 2 .754 2 2.199V8H4c-.553 0-1 .646-1 1.199V17c0 .549.428 1.139.951 1.307l1.197.387C5.672 18.861 6.55 19 7.1 19h5.8c.549 0 1.428-.139 1.951-.307l1.196-.387c.524-.167.953-.757.953-1.306V9.199C17 8.646 16.352 8 15.8 8z"></path>
    </symbol>

    <symbol viewBox="0 0 20 20" id="locked">
      <path d="M15.8 8H14V5.6C14 2.703 12.665 1 10 1 7.334 1 6 2.703 6 5.6V8H4c-.553 0-1 .646-1 1.199V17c0 .549.428 1.139.951 1.307l1.197.387C5.672 18.861 6.55 19 7.1 19h5.8c.549 0 1.428-.139 1.951-.307l1.196-.387c.524-.167.953-.757.953-1.306V9.199C17 8.646 16.352 8 15.8 8zM12 8H8V5.199C8 3.754 8.797 3 10 3c1.203 0 2 .754 2 2.199V8z"/>
    </symbol>

    <symbol viewBox="0 0 20 20" id="close">
      <path d="M14.348 14.849c-.469.469-1.229.469-1.697 0L10 11.819l-2.651 3.029c-.469.469-1.229.469-1.697 0-.469-.469-.469-1.229 0-1.697l2.758-3.15-2.759-3.152c-.469-.469-.469-1.228 0-1.697.469-.469 1.228-.469 1.697 0L10 8.183l2.651-3.031c.469-.469 1.228-.469 1.697 0 .469.469.469 1.229 0 1.697l-2.758 3.152 2.758 3.15c.469.469.469 1.229 0 1.698z"/>
    </symbol>

    <symbol viewBox="0 0 20 20" id="large-arrow">
      <path d="M13.25 10L6.109 2.58c-.268-.27-.268-.707 0-.979.268-.27.701-.27.969 0l7.83 7.908c.268.271.268.709 0 .979l-7.83 7.908c-.268.271-.701.27-.969 0-.268-.269-.268-.707 0-.979L13.25 10z"/>
    </symbol>

    <symbol viewBox="0 0 20 20" id="large-arrow-down">
      <path d="M17.418 6.109c.272-.268.709-.268.979 0s.271.701 0 .969l-7.908 7.83c-.27.268-.707.268-.979 0l-7.908-7.83c-.27-.268-.27-.701 0-.969.271-.268.709-.268.979 0L10 13.25l7.418-7.141z"/>
    </symbol>


    <symbol viewBox="0 0 24 24" id="jump-to">
      <path d="M19 7v4H5.83l3.58-3.59L8 6l-6 6 6 6 1.41-1.41L5.83 13H21V7z"/>
    </symbol>

    <symbol viewBox="0 0 24 24" id="expand">
      <path d="M10 18h4v-2h-4v2zM3 6v2h18V6H3zm3 7h12v-2H6v2z"/>
    </symbol>

  </defs>
</svg>

<div id="swagger-ui"></div>

<script src="./swagger-ui-bundle.js"> </script>
<script src="./swagger-ui-standalone-preset.js"> </script>
<script src="./swagger-ui-init.js"> </script>



<style>
  .swagger-ui .topbar .download-url-wrapper { display: none } undefined
</style>
</body>

</html>

2025-05-04 14:28:01,693 - ERROR - HTML error page received: https://api.freeapi.app/api/v1/kitchen-sink/http-methods1/post, body=
<!-- HTML for static distribution bundle build -->
<!DOCTYPE html>
<html lang="en">
<head>
  <meta charset="UTF-8">
  
  <title>FreeAPI docs</title>
  <link rel="stylesheet" type="text/css" href="./swagger-ui.css" >
  <link rel="icon" type="image/png" href="./favicon-32x32.png" sizes="32x32" /><link rel="icon" type="image/png" href="./favicon-16x16.png" sizes="16x16" />
  <style>
    html
    {
      box-sizing: border-box;
      overflow: -moz-scrollbars-vertical;
      overflow-y: scroll;
    }
    *,
    *:before,
    *:after
    {
      box-sizing: inherit;
    }

    body {
      margin:0;
      background: #fafafa;
    }
  </style>
</head>

<body>

<svg xmlns="http://www.w3.org/2000/svg" xmlns:xlink="http://www.w3.org/1999/xlink" style="position:absolute;width:0;height:0">
  <defs>
    <symbol viewBox="0 0 20 20" id="unlocked">
      <path d="M15.8 8H14V5.6C14 2.703 12.665 1 10 1 7.334 1 6 2.703 6 5.6V6h2v-.801C8 3.754 8.797 3 10 3c1.203 0 2 .754 2 2.199V8H4c-.553 0-1 .646-1 1.199V17c0 .549.428 1.139.951 1.307l1.197.387C5.672 18.861 6.55 19 7.1 19h5.8c.549 0 1.428-.139 1.951-.307l1.196-.387c.524-.167.953-.757.953-1.306V9.199C17 8.646 16.352 8 15.8 8z"></path>
    </symbol>

    <symbol viewBox="0 0 20 20" id="locked">
      <path d="M15.8 8H14V5.6C14 2.703 12.665 1 10 1 7.334 1 6 2.703 6 5.6V8H4c-.553 0-1 .646-1 1.199V17c0 .549.428 1.139.951 1.307l1.197.387C5.672 18.861 6.55 19 7.1 19h5.8c.549 0 1.428-.139 1.951-.307l1.196-.387c.524-.167.953-.757.953-1.306V9.199C17 8.646 16.352 8 15.8 8zM12 8H8V5.199C8 3.754 8.797 3 10 3c1.203 0 2 .754 2 2.199V8z"/>
    </symbol>

    <symbol viewBox="0 0 20 20" id="close">
      <path d="M14.348 14.849c-.469.469-1.229.469-1.697 0L10 11.819l-2.651 3.029c-.469.469-1.229.469-1.697 0-.469-.469-.469-1.229 0-1.697l2.758-3.15-2.759-3.152c-.469-.469-.469-1.228 0-1.697.469-.469 1.228-.469 1.697 0L10 8.183l2.651-3.031c.469-.469 1.228-.469 1.697 0 .469.469.469 1.229 0 1.697l-2.758 3.152 2.758 3.15c.469.469.469 1.229 0 1.698z"/>
    </symbol>

    <symbol viewBox="0 0 20 20" id="large-arrow">
      <path d="M13.25 10L6.109 2.58c-.268-.27-.268-.707 0-.979.268-.27.701-.27.969 0l7.83 7.908c.268.271.268.709 0 .979l-7.83 7.908c-.268.271-.701.27-.969 0-.268-.269-.268-.707 0-.979L13.25 10z"/>
    </symbol>

    <symbol viewBox="0 0 20 20" id="large-arrow-down">
      <path d="M17.418 6.109c.272-.268.709-.268.979 0s.271.701 0 .969l-7.908 7.83c-.27.268-.707.268-.979 0l-7.908-7.83c-.27-.268-.27-.701 0-.969.271-.268.709-.268.979 0L10 13.25l7.418-7.141z"/>
    </symbol>


    <symbol viewBox="0 0 24 24" id="jump-to">
      <path d="M19 7v4H5.83l3.58-3.59L8 6l-6 6 6 6 1.41-1.41L5.83 13H21V7z"/>
    </symbol>

    <symbol viewBox="0 0 24 24" id="expand">
      <path d="M10 18h4v-2h-4v2zM3 6v2h18V6H3zm3 7h12v-2H6v2z"/>
    </symbol>

  </defs>
</svg>

<div id="swagger-ui"></div>

<script src="./swagger-ui-bundle.js"> </script>
<script src="./swagger-ui-standalone-preset.js"> </script>
<script src="./swagger-ui-init.js"> </script>



<style>
  .swagger-ui .topbar .download-url-wrapper { display: none } undefined
</style>
</body>

</html>

